2026-06-11 21:07:21 [INFO] app: LRUModelCache cleared ó all models evicted from GPU
2026-06-11 21:07:37 [INFO] app: LRUModelCache cleared ó all models evicted from GPU
2026-06-11 21:08:56 [INFO] app: LRUModelCache cleared ó all models evicted from GPU
2026-06-11 21:09:58 [INFO] app: LRUModelCache cleared ó all models evicted from GPU
2026-06-11 21:10:07 [INFO] app: LRUModelCache cleared ó all models evicted from GPU
2026-06-11 21:10:20 [INFO] app: LRUModelCache cleared ó all models evicted from GPU
2026-06-11 21:10:28 [INFO] app: LRUModelCache cleared ó all models evicted from GPU
2026-06-11 21:16:39 [INFO] app: LRUModelCache cleared ó all models evicted from GPU
2026-06-11 21:16:53 [INFO] app: LRUModelCache cleared ó all models evicted from GPU
2026-06-11 21:17:08 [INFO] app: LRUModelCache cleared ó all models evicted from GPU
2026-06-11 21:17:48 [INFO] app: LRUModelCache cleared ó all models evicted from GPU
2026-06-11 21:19:07 [INFO] app: LRUModelCache cleared ó all models evicted from GPU
2026-06-11 21:19:45 [INFO] app: LRUModelCache cleared ó all models evicted from GPU
2026-06-11 21:20:25 [INFO] app: LRUModelCache cleared ó all models evicted from GPU
2026-06-11 21:24:55 [INFO] app: LRUModelCache cleared ó all models evicted from GPU
2026-06-11 21:27:20 [INFO] app: LRUModelCache cleared ó all models evicted from GPU
2026-06-11 21:27:30 [INFO] app: LRUModelCache cleared ó all models evicted from GPU
2026-06-11 21:28:18 [INFO] app: LRUModelCache cleared ó all models evicted from GPU
2026-06-11 21:28:44 [INFO] app: LRUModelCache cleared ó all models evicted from GPU
2026-06-11 21:30:11 [INFO] app: LRUModelCache cleared ó all models evicted from GPU
2026-06-11 21:34:54 [INFO] app: Cached model: D:\projects\EcoData\backend\artifacts\models\1781188435.pth  (cache size: 1/2)
2026-06-11 21:37:59 [INFO] app: LRUModelCache cleared ó all models evicted from GPU
2026-06-11 22:25:22 [INFO] app: LRUModelCache cleared ó all models evicted from GPU
2026-06-12 23:05:29 [INFO] app: LRUModelCache cleared ó all models evicted from GPU
2026-06-12 23:09:00 [INFO] app: LRUModelCache cleared ó all models evicted from GPU
2026-06-12 23:09:36 [INFO] app: LRUModelCache cleared ó all models evicted from GPU
2026-06-12 23:14:41 [INFO] app: LRUModelCache cleared ó all models evicted from GPU
2026-06-12 23:16:24 [INFO] app: LRUModelCache cleared ó all models evicted from GPU
2026-06-12 23:16:44 [INFO] app: LRUModelCache cleared ó all models evicted from GPU
2026-06-16 21:44:02 [INFO] app: LRUModelCache cleared ó all models evicted from GPU
2026-06-16 21:53:22 [INFO] app: LRUModelCache cleared ó all models evicted from GPU
2026-06-16 21:53:38 [INFO] app: LRUModelCache cleared ó all models evicted from GPU
2026-06-16 21:55:19 [INFO] app: LRUModelCache cleared ó all models evicted from GPU
2026-06-16 21:55:26 [INFO] app: LRUModelCache cleared ó all models evicted from GPU
2026-06-16 21:57:20 [INFO] app: Cached model: D:\projects\EcoData\backend\artifacts\models\1781188435.pth  (cache size: 1/2)
2026-06-16 21:59:34 [INFO] app: Client inactive ó auto-done genus='0c0d2e1a-a061-4452-906d-b3011f3f402c'
2026-06-16 22:13:17 [INFO] app: Client inactive ó auto-done genus='0c0d2e1a-a061-4452-906d-b3011f3f402c'
2026-06-16 22:13:17 [INFO] app: Drain genus='0c0d2e1a-a061-4452-906d-b3011f3f402c' 1 images
2026-06-16 22:13:47 [INFO] app: Drain genus='0c0d2e1a-a061-4452-906d-b3011f3f402c' 1 images
2026-06-16 22:16:53 [INFO] app: LRUModelCache cleared ó all models evicted from GPU
2026-06-16 22:20:34 [INFO] app: LRUModelCache cleared ó all models evicted from GPU
2026-06-16 22:36:54 [INFO] app: LRUModelCache cleared ó all models evicted from GPU
2026-06-16 22:38:27 [INFO] app: LRUModelCache cleared ó all models evicted from GPU
2026-06-16 22:38:44 [INFO] app: LRUModelCache cleared ó all models evicted from GPU
2026-06-16 22:41:14 [INFO] app: LRUModelCache cleared ó all models evicted from GPU
2026-06-16 22:45:21 [INFO] app: Cached model: D:\projects\EcoData\backend\artifacts\models\1781188435.pth  (cache size: 1/2)
2026-06-16 22:46:33 [INFO] app: LRUModelCache cleared ó all models evicted from GPU
2026-06-16 22:46:43 [INFO] app: Cached model: D:\projects\EcoData\backend\artifacts\models\1781188435.pth  (cache size: 1/2)
2026-06-17 13:35:57 [INFO] app: LRUModelCache cleared ó all models evicted from GPU
2026-06-17 13:37:22 [INFO] app: LRUModelCache cleared ó all models evicted from GPU
2026-06-17 13:38:04 [INFO] app: LRUModelCache cleared ó all models evicted from GPU
2026-06-17 13:39:17 [INFO] app: LRUModelCache cleared ó all models evicted from GPU
2026-06-17 13:40:38 [INFO] app: LRUModelCache cleared ó all models evicted from GPU
2026-06-17 13:40:51 [INFO] app: LRUModelCache cleared ó all models evicted from GPU
2026-06-17 13:41:50 [INFO] app: LRUModelCache cleared ó all models evicted from GPU
2026-06-17 13:42:33 [INFO] app: Cached model: D:\projects\EcoData\backend\artifacts\models\1781188435.pth  (cache size: 1/2)
2026-06-17 13:43:21 [INFO] app: LRUModelCache cleared ó all models evicted from GPU
2026-06-17 13:43:53 [INFO] app: LRUModelCache cleared ó all models evicted from GPU
2026-06-17 13:44:12 [INFO] app: LRUModelCache cleared ó all models evicted from GPU
2026-06-17 13:44:57 [INFO] app: LRUModelCache cleared ó all models evicted from GPU
2026-06-17 13:45:14 [INFO] app: <starlette.middleware.base._StreamingResponse object at 0x0000023150641B10>
2026-06-17 13:46:18 [INFO] app: LRUModelCache cleared ó all models evicted from GPU
2026-06-17 13:49:56 [INFO] app: LRUModelCache cleared ó all models evicted from GPU
2026-06-17 13:51:06 [INFO] app: LRUModelCache cleared ó all models evicted from GPU
2026-06-17 13:51:12 [INFO] app: <starlette.middleware.base._StreamingResponse object at 0x0000022D7CAA1B70>
2026-06-17 13:52:42 [INFO] app: LRUModelCache cleared ó all models evicted from GPU
2026-06-17 13:54:22 [INFO] app: LRUModelCache cleared ó all models evicted from GPU
2026-06-17 13:54:38 [INFO] app: LRUModelCache cleared ó all models evicted from GPU
2026-06-17 13:56:39 [INFO] app: LRUModelCache cleared ó all models evicted from GPU
2026-06-17 13:57:13 [INFO] app: LRUModelCache cleared ó all models evicted from GPU
2026-06-17 13:57:30 [INFO] app: LRUModelCache cleared ó all models evicted from GPU
2026-06-17 13:59:24 [INFO] app: LRUModelCache cleared ó all models evicted from GPU
2026-06-17 13:59:51 [INFO] app: Cached model: D:\projects\EcoData\backend\artifacts\models\1781188435.pth  (cache size: 1/2)
2026-06-17 14:01:09 [INFO] app: LRUModelCache cleared ó all models evicted from GPU
2026-06-17 14:01:18 [INFO] app: LRUModelCache cleared ó all models evicted from GPU
2026-06-17 14:01:34 [INFO] app: LRUModelCache cleared ó all models evicted from GPU
2026-06-17 14:01:43 [INFO] app: LRUModelCache cleared ó all models evicted from GPU
2026-06-17 14:02:33 [INFO] app: LRUModelCache cleared ó all models evicted from GPU
2026-06-17 14:03:40 [INFO] app: LRUModelCache cleared ó all models evicted from GPU
2026-06-17 14:04:31 [INFO] app: LRUModelCache cleared ó all models evicted from GPU
2026-06-17 14:04:57 [INFO] app: Cached model: D:\projects\EcoData\backend\artifacts\models\1781188435.pth  (cache size: 1/2)
2026-06-17 14:06:13 [INFO] app: LRUModelCache cleared ó all models evicted from GPU
2026-06-17 14:06:35 [INFO] app: LRUModelCache cleared ó all models evicted from GPU
2026-06-17 14:06:46 [INFO] app: LRUModelCache cleared ó all models evicted from GPU
2026-06-17 14:07:29 [INFO] app: LRUModelCache cleared ó all models evicted from GPU
2026-06-17 14:07:37 [INFO] app: LRUModelCache cleared ó all models evicted from GPU
2026-06-17 14:07:49 [INFO] app: LRUModelCache cleared ó all models evicted from GPU
2026-06-17 14:08:22 [INFO] app: LRUModelCache cleared ó all models evicted from GPU
2026-06-17 14:09:47 [INFO] app: LRUModelCache cleared ó all models evicted from GPU
2026-06-17 14:11:38 [INFO] app: LRUModelCache cleared ó all models evicted from GPU
2026-06-17 14:12:51 [INFO] app: LRUModelCache cleared ó all models evicted from GPU
2026-06-17 14:14:42 [INFO] app: LRUModelCache cleared ó all models evicted from GPU
2026-06-17 14:14:51 [INFO] app: LRUModelCache cleared ó all models evicted from GPU
2026-06-17 14:15:26 [INFO] app: LRUModelCache cleared ó all models evicted from GPU
2026-06-17 14:20:25 [INFO] app: LRUModelCache cleared ó all models evicted from GPU
2026-06-17 14:20:34 [INFO] app: LRUModelCache cleared ó all models evicted from GPU
2026-06-17 14:21:18 [INFO] app: LRUModelCache cleared ó all models evicted from GPU
2026-06-17 14:23:53 [INFO] app: LRUModelCache cleared ó all models evicted from GPU
2026-06-17 14:24:07 [INFO] app: LRUModelCache cleared ó all models evicted from GPU
2026-06-17 14:24:26 [INFO] app: LRUModelCache cleared ó all models evicted from GPU
2026-06-17 14:25:18 [INFO] app: LRUModelCache cleared ó all models evicted from GPU
2026-06-17 14:26:10 [INFO] app: LRUModelCache cleared ó all models evicted from GPU
2026-06-17 14:29:22 [INFO] app: LRUModelCache cleared ó all models evicted from GPU
2026-06-17 14:29:45 [INFO] app: LRUModelCache cleared ó all models evicted from GPU
2026-06-17 14:30:10 [INFO] app: LRUModelCache cleared ó all models evicted from GPU
2026-06-17 14:30:45 [INFO] app: LRUModelCache cleared ó all models evicted from GPU
2026-06-17 14:31:56 [INFO] app: LRUModelCache cleared ó all models evicted from GPU
2026-06-17 14:34:16 [INFO] app: LRUModelCache cleared ó all models evicted from GPU
2026-06-17 14:37:55 [INFO] app: LRUModelCache cleared ó all models evicted from GPU
2026-06-17 14:38:32 [INFO] app: LRUModelCache cleared ó all models evicted from GPU
2026-06-17 14:39:21 [INFO] app: LRUModelCache cleared ó all models evicted from GPU
2026-06-17 14:39:42 [INFO] app: Cached model: D:\projects\EcoData\backend\artifacts\models\1781188435.pth  (cache size: 1/2)
2026-06-17 14:40:11 [INFO] app: LRUModelCache cleared ó all models evicted from GPU
2026-06-17 14:40:33 [INFO] app: Cached model: D:\projects\EcoData\backend\artifacts\models\1781188435.pth  (cache size: 1/2)
2026-06-17 14:41:02 [INFO] app: LRUModelCache cleared ó all models evicted from GPU
2026-06-17 14:41:16 [INFO] app: Cached model: D:\projects\EcoData\backend\artifacts\models\1781188435.pth  (cache size: 1/2)
2026-06-17 14:42:35 [INFO] app: LRUModelCache cleared ó all models evicted from GPU
2026-06-17 14:44:08 [INFO] app: LRUModelCache cleared ó all models evicted from GPU
2026-06-17 15:49:49 [INFO] app: Cached model: D:\projects\EcoData\backend\artifacts\models\1781188435.pth  (cache size: 1/2)
2026-06-17 22:11:16 [INFO] app: Cached model: D:\projects\EcoData\backend\artifacts\models\1781188435.pth  (cache size: 1/2)
2026-06-17 23:42:35 [INFO] app: Cached model: D:\projects\EcoData\backend\artifacts\models\1781188435.pth  (cache size: 1/2)
2026-06-22 10:54:46 [INFO] app: LRUModelCache cleared ó all models evicted from GPU
2026-06-22 10:56:54 [INFO] app: LRUModelCache cleared ó all models evicted from GPU
2026-06-22 11:01:26 [INFO] app: LRUModelCache cleared ó all models evicted from GPU
2026-06-22 11:03:03 [INFO] app: LRUModelCache cleared ó all models evicted from GPU
2026-06-22 11:08:25 [INFO] app: LRUModelCache cleared ó all models evicted from GPU
2026-06-22 11:08:37 [INFO] app: LRUModelCache cleared ó all models evicted from GPU
2026-06-22 11:09:50 [INFO] app: LRUModelCache cleared ó all models evicted from GPU
2026-06-22 11:10:57 [INFO] app: LRUModelCache cleared ó all models evicted from GPU
2026-06-22 11:43:28 [INFO] app: LRUModelCache cleared ó all models evicted from GPU
2026-06-22 11:43:43 [INFO] app: LRUModelCache cleared ó all models evicted from GPU
2026-06-22 11:44:53 [INFO] app: LRUModelCache cleared ó all models evicted from GPU
2026-06-22 11:45:23 [INFO] app: LRUModelCache cleared ó all models evicted from GPU
2026-06-22 11:48:01 [INFO] app: LRUModelCache cleared ó all models evicted from GPU
2026-06-22 11:48:20 [INFO] app: LRUModelCache cleared ó all models evicted from GPU
2026-06-22 11:48:29 [INFO] app: LRUModelCache cleared ó all models evicted from GPU
2026-06-22 11:48:39 [INFO] app: LRUModelCache cleared ó all models evicted from GPU
2026-06-22 11:48:56 [INFO] app: LRUModelCache cleared ó all models evicted from GPU
2026-06-22 12:00:09 [INFO] app: LRUModelCache cleared ó all models evicted from GPU
2026-06-22 12:05:09 [INFO] app: LRUModelCache cleared ó all models evicted from GPU
2026-06-22 12:05:21 [INFO] app: LRUModelCache cleared ó all models evicted from GPU
2026-06-22 12:09:16 [INFO] app: LRUModelCache cleared ó all models evicted from GPU
2026-06-22 12:19:06 [INFO] app: LRUModelCache cleared ó all models evicted from GPU
2026-06-22 12:23:15 [INFO] app: LRUModelCache cleared ó all models evicted from GPU
2026-06-22 12:23:34 [INFO] app: LRUModelCache cleared ó all models evicted from GPU
2026-06-22 12:25:49 [INFO] app: LRUModelCache cleared ó all models evicted from GPU
2026-06-22 12:27:51 [INFO] app: LRUModelCache cleared ó all models evicted from GPU
2026-06-22 12:39:19 [INFO] app: LRUModelCache cleared ó all models evicted from GPU
2026-06-22 12:39:33 [INFO] app: LRUModelCache cleared ó all models evicted from GPU
2026-06-22 12:39:44 [INFO] app: LRUModelCache cleared ó all models evicted from GPU
2026-06-22 13:01:08 [INFO] app: LRUModelCache cleared ó all models evicted from GPU
2026-06-22 13:01:19 [INFO] app: LRUModelCache cleared ó all models evicted from GPU
2026-06-24 08:39:32 [INFO] app: LRUModelCache cleared ó all models evicted from GPU
2026-06-24 09:05:58 [INFO] app: LRUModelCache cleared ó all models evicted from GPU
2026-06-24 09:06:09 [INFO] app: LRUModelCache cleared ó all models evicted from GPU
2026-06-24 09:13:55 [INFO] app: LRUModelCache cleared ó all models evicted from GPU
2026-06-24 09:14:38 [INFO] app: LRUModelCache cleared ó all models evicted from GPU
2026-06-24 09:15:01 [INFO] app: LRUModelCache cleared ó all models evicted from GPU
2026-06-24 09:43:16 [INFO] app: LRUModelCache cleared ó all models evicted from GPU
2026-06-24 09:43:46 [INFO] app: LRUModelCache cleared ó all models evicted from GPU
2026-06-24 09:44:11 [INFO] app: LRUModelCache cleared ó all models evicted from GPU
2026-06-24 09:46:54 [INFO] app: LRUModelCache cleared ó all models evicted from GPU
2026-06-24 09:47:56 [INFO] app: LRUModelCache cleared ó all models evicted from GPU
2026-06-24 09:48:30 [INFO] app: LRUModelCache cleared ó all models evicted from GPU
2026-06-24 09:48:42 [INFO] app: LRUModelCache cleared ó all models evicted from GPU
2026-06-24 09:49:09 [INFO] app: LRUModelCache cleared ó all models evicted from GPU
2026-06-24 09:54:26 [INFO] app: LRUModelCache cleared ó all models evicted from GPU
2026-06-24 09:54:39 [INFO] app: LRUModelCache cleared ó all models evicted from GPU
2026-06-24 09:55:05 [INFO] app: LRUModelCache cleared ó all models evicted from GPU
2026-06-24 09:55:20 [INFO] app: LRUModelCache cleared ó all models evicted from GPU
2026-06-24 09:55:33 [INFO] app: LRUModelCache cleared ó all models evicted from GPU
2026-06-24 09:55:41 [INFO] app: LRUModelCache cleared ó all models evicted from GPU
2026-06-24 09:55:49 [INFO] app: LRUModelCache cleared ó all models evicted from GPU
2026-06-24 09:56:43 [INFO] app: LRUModelCache cleared ó all models evicted from GPU
2026-06-24 10:27:45 [INFO] app: LRUModelCache cleared ó all models evicted from GPU
2026-06-24 10:30:04 [INFO] app: LRUModelCache cleared ó all models evicted from GPU
2026-06-24 10:30:36 [INFO] app: LRUModelCache cleared ó all models evicted from GPU
2026-06-24 10:33:07 [INFO] app: LRUModelCache cleared ó all models evicted from GPU
2026-06-24 10:35:07 [INFO] app: LRUModelCache cleared ó all models evicted from GPU
2026-06-24 10:36:16 [INFO] app: LRUModelCache cleared ó all models evicted from GPU
2026-06-24 10:36:59 [INFO] app: LRUModelCache cleared ó all models evicted from GPU
2026-06-24 10:39:21 [INFO] app: LRUModelCache cleared ó all models evicted from GPU
2026-06-24 10:41:18 [INFO] app: LRUModelCache cleared ó all models evicted from GPU
2026-06-24 10:45:40 [INFO] app: LRUModelCache cleared ó all models evicted from GPU
2026-06-24 10:46:13 [INFO] app: LRUModelCache cleared ó all models evicted from GPU
2026-06-24 10:47:29 [INFO] app: LRUModelCache cleared ó all models evicted from GPU
2026-06-24 10:47:51 [INFO] app: LRUModelCache cleared ó all models evicted from GPU
2026-06-24 10:49:56 [INFO] app: LRUModelCache cleared ó all models evicted from GPU
2026-06-24 10:50:32 [INFO] app: LRUModelCache cleared ó all models evicted from GPU
2026-06-24 10:51:07 [INFO] app: LRUModelCache cleared ó all models evicted from GPU
2026-06-24 10:51:23 [INFO] app: LRUModelCache cleared ó all models evicted from GPU
2026-06-24 10:57:42 [INFO] app: LRUModelCache cleared ó all models evicted from GPU
2026-06-24 11:03:44 [INFO] app: LRUModelCache cleared ó all models evicted from GPU
2026-06-24 11:06:42 [INFO] app: LRUModelCache cleared ó all models evicted from GPU
2026-06-24 11:19:04 [INFO] app: LRUModelCache cleared ó all models evicted from GPU
2026-06-24 11:19:27 [INFO] app: LRUModelCache cleared ó all models evicted from GPU
2026-06-24 11:21:02 [INFO] app: LRUModelCache cleared ó all models evicted from GPU
2026-06-24 11:21:16 [INFO] app: LRUModelCache cleared ó all models evicted from GPU
2026-06-24 11:21:32 [INFO] app: LRUModelCache cleared ó all models evicted from GPU
2026-06-24 11:22:06 [INFO] app: LRUModelCache cleared ó all models evicted from GPU
2026-06-24 11:35:45 [INFO] app: LRUModelCache cleared ó all models evicted from GPU
2026-06-24 11:50:49 [INFO] app: LRUModelCache cleared ó all models evicted from GPU
2026-06-24 11:51:03 [INFO] app: LRUModelCache cleared ó all models evicted from GPU
2026-06-24 11:52:12 [INFO] app: LRUModelCache cleared ó all models evicted from GPU
2026-06-24 11:56:00 [INFO] app: LRUModelCache cleared ó all models evicted from GPU
2026-06-24 11:56:10 [INFO] app: LRUModelCache cleared ó all models evicted from GPU
2026-06-24 11:57:27 [INFO] app: LRUModelCache cleared ó all models evicted from GPU
2026-06-24 11:58:03 [INFO] app: LRUModelCache cleared ó all models evicted from GPU
2026-06-24 11:59:18 [INFO] app: LRUModelCache cleared ó all models evicted from GPU
2026-06-24 12:03:34 [INFO] app: LRUModelCache cleared ó all models evicted from GPU
2026-06-24 12:33:44 [INFO] app: LRUModelCache cleared ó all models evicted from GPU
2026-06-24 12:41:39 [INFO] app: LRUModelCache cleared ó all models evicted from GPU
2026-06-24 13:01:11 [INFO] app: LRUModelCache cleared ó all models evicted from GPU
2026-06-24 13:01:33 [INFO] app: LRUModelCache cleared ó all models evicted from GPU
2026-06-24 13:01:47 [INFO] app: LRUModelCache cleared ó all models evicted from GPU
2026-06-24 13:02:01 [INFO] app: LRUModelCache cleared ó all models evicted from GPU
2026-06-24 13:21:18 [INFO] app: LRUModelCache cleared ó all models evicted from GPU
2026-06-24 13:21:35 [INFO] app: LRUModelCache cleared ó all models evicted from GPU
2026-06-24 13:25:29 [INFO] app: LRUModelCache cleared ó all models evicted from GPU
2026-06-24 14:26:38 [INFO] app: LRUModelCache cleared ó all models evicted from GPU
2026-06-24 14:28:22 [INFO] app: LRUModelCache cleared ó all models evicted from GPU
2026-06-24 14:31:51 [INFO] app: LRUModelCache cleared ó all models evicted from GPU
2026-06-24 14:33:40 [INFO] app: LRUModelCache cleared ó all models evicted from GPU
2026-06-24 14:33:56 [INFO] app: LRUModelCache cleared ó all models evicted from GPU
2026-06-24 14:34:55 [INFO] app: LRUModelCache cleared ó all models evicted from GPU
2026-06-24 15:01:28 [INFO] app: LRUModelCache cleared ó all models evicted from GPU
2026-06-24 15:15:42 [INFO] app: LRUModelCache cleared ó all models evicted from GPU
2026-06-24 15:15:55 [INFO] app: LRUModelCache cleared ó all models evicted from GPU
2026-06-24 15:16:06 [INFO] app: LRUModelCache cleared ó all models evicted from GPU
2026-06-24 15:16:36 [INFO] app: LRUModelCache cleared ó all models evicted from GPU
2026-06-24 15:16:48 [INFO] app: LRUModelCache cleared ó all models evicted from GPU
2026-06-24 15:17:25 [INFO] app: LRUModelCache cleared ó all models evicted from GPU
2026-06-24 15:17:36 [INFO] app: LRUModelCache cleared ó all models evicted from GPU
2026-06-24 15:18:34 [INFO] app: LRUModelCache cleared ó all models evicted from GPU
2026-06-24 15:23:16 [INFO] app: LRUModelCache cleared ó all models evicted from GPU
2026-06-24 15:23:38 [INFO] app: LRUModelCache cleared ó all models evicted from GPU
2026-06-24 15:32:25 [INFO] app: LRUModelCache cleared ó all models evicted from GPU
2026-06-24 23:18:09 [INFO] app: LRUModelCache cleared ó all models evicted from GPU
2026-06-25 15:53:51 [INFO] app: LRUModelCache cleared ó all models evicted from GPU
2026-06-25 15:56:10 [INFO] app: LRUModelCache cleared ó all models evicted from GPU
2026-06-25 15:56:29 [INFO] app: LRUModelCache cleared ó all models evicted from GPU
2026-06-25 15:58:04 [INFO] app: LRUModelCache cleared ó all models evicted from GPU
2026-06-25 15:58:35 [INFO] app: LRUModelCache cleared ó all models evicted from GPU
2026-06-25 15:59:22 [INFO] app: LRUModelCache cleared ó all models evicted from GPU
2026-06-25 16:00:19 [INFO] app: LRUModelCache cleared ó all models evicted from GPU
2026-06-25 16:00:33 [INFO] app: LRUModelCache cleared ó all models evicted from GPU
2026-06-25 16:45:25 [INFO] app: LRUModelCache cleared ó all models evicted from GPU
2026-06-25 16:45:55 [INFO] app: LRUModelCache cleared ó all models evicted from GPU
2026-06-25 16:46:11 [INFO] app: LRUModelCache cleared ó all models evicted from GPU
2026-06-25 16:46:28 [INFO] app: LRUModelCache cleared ó all models evicted from GPU
2026-06-25 16:48:01 [INFO] app: LRUModelCache cleared ó all models evicted from GPU
2026-06-25 16:49:28 [INFO] app: LRUModelCache cleared ó all models evicted from GPU
2026-06-25 16:50:18 [INFO] app: LRUModelCache cleared ó all models evicted from GPU
2026-06-25 17:10:08 [INFO] app: LRUModelCache cleared ó all models evicted from GPU
2026-06-25 17:12:12 [INFO] app: LRUModelCache cleared ó all models evicted from GPU
2026-06-25 17:15:47 [INFO] app: LRUModelCache cleared ó all models evicted from GPU
2026-06-25 17:24:24 [INFO] app: LRUModelCache cleared ó all models evicted from GPU
2026-06-25 17:24:42 [INFO] app: LRUModelCache cleared ó all models evicted from GPU
2026-06-25 17:25:08 [WARNING] app: RustFS bucket 'new-data' not available ó continuing
2026-06-25 17:25:13 [WARNING] app: RustFS bucket 'models' not available ó continuing
2026-06-25 17:25:19 [WARNING] app: RustFS bucket 'artifacts' not available ó continuing
2026-06-25 17:35:24 [INFO] app: LRUModelCache cleared ó all models evicted from GPU
2026-06-25 17:36:29 [INFO] app: LRUModelCache cleared ó all models evicted from GPU
2026-06-25 17:36:53 [INFO] app: LRUModelCache cleared ó all models evicted from GPU
2026-06-25 17:39:06 [INFO] app: LRUModelCache cleared ó all models evicted from GPU
2026-06-25 17:40:43 [INFO] app: LRUModelCache cleared ó all models evicted from GPU
2026-06-25 17:43:26 [INFO] app: LRUModelCache cleared ó all models evicted from GPU
2026-06-25 17:45:25 [INFO] app: LRUModelCache cleared ó all models evicted from GPU
2026-06-25 17:52:30 [INFO] app: LRUModelCache cleared ó all models evicted from GPU
2026-06-25 18:08:55 [INFO] app: LRUModelCache cleared ó all models evicted from GPU
2026-06-25 18:09:48 [INFO] app: LRUModelCache cleared ó all models evicted from GPU
2026-06-25 18:10:35 [INFO] app: LRUModelCache cleared ó all models evicted from GPU
2026-06-25 18:10:59 [INFO] app: LRUModelCache cleared ó all models evicted from GPU
2026-06-25 18:14:16 [INFO] app: LRUModelCache cleared ó all models evicted from GPU
2026-06-25 18:15:04 [INFO] app: LRUModelCache cleared ó all models evicted from GPU
2026-06-25 18:15:33 [INFO] app: LRUModelCache cleared ó all models evicted from GPU
2026-06-25 18:20:55 [INFO] app: LRUModelCache cleared ó all models evicted from GPU
2026-06-25 18:22:21 [INFO] app: LRUModelCache cleared ó all models evicted from GPU
2026-06-25 18:30:57 [INFO] app: LRUModelCache cleared ó all models evicted from GPU
2026-06-25 18:43:08 [INFO] app: LRUModelCache cleared ó all models evicted from GPU
2026-06-25 19:25:40 [INFO] app: LRUModelCache cleared ó all models evicted from GPU
